<object-stream>
<org.drools.core.audit.WorkingMemoryLog>
  <version>6.1</version>
  <events>
    <org.drools.core.audit.event.ObjectLogEvent>
      <type>1</type>
      <factId>1</factId>
      <objectToString>preDrools.ObjetoParseado@38704ff0</objectToString>
    </org.drools.core.audit.event.ObjectLogEvent>
    <org.drools.core.audit.event.ObjectLogEvent>
      <type>1</type>
      <factId>2</factId>
      <objectToString>preDrools.ObjetoParseado@1f387978</objectToString>
    </org.drools.core.audit.event.ObjectLogEvent>
    <org.drools.core.audit.event.ObjectLogEvent>
      <type>1</type>
      <factId>3</factId>
      <objectToString>preDrools.ObjetoParseado@7cb2651f</objectToString>
    </org.drools.core.audit.event.ObjectLogEvent>
    <org.drools.core.audit.event.ObjectLogEvent>
      <type>1</type>
      <factId>4</factId>
      <objectToString>preDrools.ObjetoParseado@4441d567</objectToString>
    </org.drools.core.audit.event.ObjectLogEvent>
    <org.drools.core.audit.event.ObjectLogEvent>
      <type>1</type>
      <factId>5</factId>
      <objectToString>preDrools.ObjetoParseado@3e1624c7</objectToString>
    </org.drools.core.audit.event.ObjectLogEvent>
    <org.drools.core.audit.event.ObjectLogEvent>
      <type>1</type>
      <factId>6</factId>
      <objectToString>PersonajeMitologico{nombre=&apos;Andromeda&apos;}</objectToString>
    </org.drools.core.audit.event.ObjectLogEvent>
    <org.drools.core.audit.event.ObjectLogEvent>
      <type>1</type>
      <factId>7</factId>
      <objectToString>PersonajeMitologico{nombre=&apos;Ceto&apos;}</objectToString>
    </org.drools.core.audit.event.ObjectLogEvent>
    <org.drools.core.audit.event.ObjectLogEvent>
      <type>1</type>
      <factId>8</factId>
      <objectToString>PersonajeMitologico{nombre=&apos;Zeus&apos;}</objectToString>
    </org.drools.core.audit.event.ObjectLogEvent>
    <org.drools.core.audit.event.ObjectLogEvent>
      <type>1</type>
      <factId>9</factId>
      <objectToString>PersonajeMitologico{nombre=&apos;Doris&apos;}</objectToString>
    </org.drools.core.audit.event.ObjectLogEvent>
    <org.drools.core.audit.event.ObjectLogEvent>
      <type>1</type>
      <factId>10</factId>
      <objectToString>PersonajeMitologico{nombre=&apos;Poseidon&apos;}</objectToString>
    </org.drools.core.audit.event.ObjectLogEvent>
    <org.drools.core.audit.event.ObjectLogEvent>
      <type>1</type>
      <factId>11</factId>
      <objectToString>PersonajeMitologico{nombre=&apos;Atenea&apos;}</objectToString>
    </org.drools.core.audit.event.ObjectLogEvent>
    <org.drools.core.audit.event.ObjectLogEvent>
      <type>1</type>
      <factId>12</factId>
      <objectToString>PersonajeMitologico{nombre=&apos;Hermes&apos;}</objectToString>
    </org.drools.core.audit.event.ObjectLogEvent>
    <org.drools.core.audit.event.ObjectLogEvent>
      <type>1</type>
      <factId>13</factId>
      <objectToString>PersonajeMitologico{nombre=&apos;Perseo&apos;}</objectToString>
    </org.drools.core.audit.event.ObjectLogEvent>
    <org.drools.core.audit.event.ObjectLogEvent>
      <type>1</type>
      <factId>14</factId>
      <objectToString>PersonajeMitologico{nombre=&apos;Grayas&apos;}</objectToString>
    </org.drools.core.audit.event.ObjectLogEvent>
    <org.drools.core.audit.event.ObjectLogEvent>
      <type>1</type>
      <factId>15</factId>
      <objectToString>PersonajeMitologico{nombre=&apos;Nereidas&apos;}</objectToString>
    </org.drools.core.audit.event.ObjectLogEvent>
    <org.drools.core.audit.event.ObjectLogEvent>
      <type>1</type>
      <factId>16</factId>
      <objectToString>PersonajeMitologico{nombre=&apos;Medusa&apos;}</objectToString>
    </org.drools.core.audit.event.ObjectLogEvent>
    <org.drools.core.audit.event.ObjectLogEvent>
      <type>1</type>
      <factId>17</factId>
      <objectToString>PersonajeMitologico{nombre=&apos;Casiopea&apos;}</objectToString>
    </org.drools.core.audit.event.ObjectLogEvent>
    <org.drools.core.audit.event.ObjectLogEvent>
      <type>1</type>
      <factId>18</factId>
      <objectToString>PersonajeMitologico{nombre=&apos;Hefestos&apos;}</objectToString>
    </org.drools.core.audit.event.ObjectLogEvent>
    <org.drools.core.audit.event.ObjectLogEvent>
      <type>1</type>
      <factId>19</factId>
      <objectToString>PersonajeMitologico{nombre=&apos;Hades&apos;}</objectToString>
    </org.drools.core.audit.event.ObjectLogEvent>
    <org.drools.core.audit.event.ObjectLogEvent>
      <type>1</type>
      <factId>20</factId>
      <objectToString>PersonajeMitologico{nombre=&apos;Danae&apos;}</objectToString>
    </org.drools.core.audit.event.ObjectLogEvent>
    <org.drools.core.audit.event.ObjectLogEvent>
      <type>1</type>
      <factId>21</factId>
      <objectToString>Escudo Espejo</objectToString>
    </org.drools.core.audit.event.ObjectLogEvent>
    <org.drools.core.audit.event.ObjectLogEvent>
      <type>1</type>
      <factId>22</factId>
      <objectToString>Escudo de Bronce</objectToString>
    </org.drools.core.audit.event.ObjectLogEvent>
    <org.drools.core.audit.event.ObjectLogEvent>
      <type>1</type>
      <factId>23</factId>
      <objectToString>Casco de Hades</objectToString>
    </org.drools.core.audit.event.ObjectLogEvent>
    <org.drools.core.audit.event.ObjectLogEvent>
      <type>1</type>
      <factId>24</factId>
      <objectToString>Zurron Magico</objectToString>
    </org.drools.core.audit.event.ObjectLogEvent>
    <org.drools.core.audit.event.ObjectLogEvent>
      <type>1</type>
      <factId>25</factId>
      <objectToString>Ojo de las Grayas</objectToString>
    </org.drools.core.audit.event.ObjectLogEvent>
    <org.drools.core.audit.event.ObjectLogEvent>
      <type>1</type>
      <factId>26</factId>
      <objectToString>Hoz de Acero</objectToString>
    </org.drools.core.audit.event.ObjectLogEvent>
    <org.drools.core.audit.event.ObjectLogEvent>
      <type>1</type>
      <factId>27</factId>
      <objectToString>Cabeza de Medusa</objectToString>
    </org.drools.core.audit.event.ObjectLogEvent>
    <org.drools.core.audit.event.ObjectLogEvent>
      <type>1</type>
      <factId>28</factId>
      <objectToString>Sandalias Aladas</objectToString>
    </org.drools.core.audit.event.ObjectLogEvent>
    <org.drools.core.audit.event.ActivationLogEvent>
      <type>4</type>
      <activationId>Añadir Favor o Enojo [1]</activationId>
      <rule>Añadir Favor o Enojo</rule>
      <declarations>$o=preDrools.ObjetoParseado@38704ff0</declarations>
      <factHandleIds>1</factHandleIds>
    </org.drools.core.audit.event.ActivationLogEvent>
    <org.drools.core.audit.event.ActivationLogEvent>
      <type>4</type>
      <activationId>Añadir Favor o Enojo [2]</activationId>
      <rule>Añadir Favor o Enojo</rule>
      <declarations>$o=preDrools.ObjetoParseado@1f387978</declarations>
      <factHandleIds>2</factHandleIds>
    </org.drools.core.audit.event.ActivationLogEvent>
    <org.drools.core.audit.event.ActivationLogEvent>
      <type>4</type>
      <activationId>Añadir Favor o Enojo [3]</activationId>
      <rule>Añadir Favor o Enojo</rule>
      <declarations>$o=preDrools.ObjetoParseado@7cb2651f</declarations>
      <factHandleIds>3</factHandleIds>
    </org.drools.core.audit.event.ActivationLogEvent>
    <org.drools.core.audit.event.ActivationLogEvent>
      <type>4</type>
      <activationId>Añadir Favor o Enojo [4]</activationId>
      <rule>Añadir Favor o Enojo</rule>
      <declarations>$o=preDrools.ObjetoParseado@4441d567</declarations>
      <factHandleIds>4</factHandleIds>
    </org.drools.core.audit.event.ActivationLogEvent>
    <org.drools.core.audit.event.ActivationLogEvent>
      <type>4</type>
      <activationId>Añadir apresa [5]</activationId>
      <rule>Añadir apresa</rule>
      <declarations>$o=preDrools.ObjetoParseado@3e1624c7</declarations>
      <factHandleIds>5</factHandleIds>
    </org.drools.core.audit.event.ActivationLogEvent>
    <org.drools.core.audit.event.ActivationLogEvent>
      <type>4</type>
      <activationId>Mostrar base inicial [6]</activationId>
      <rule>Mostrar base inicial</rule>
      <declarations>$p=PersonajeMitologico{nombre=&apos;Andromeda&apos;}</declarations>
      <factHandleIds>6</factHandleIds>
    </org.drools.core.audit.event.ActivationLogEvent>
    <org.drools.core.audit.event.ActivationLogEvent>
      <type>4</type>
      <activationId>Mostrar base inicial [7]</activationId>
      <rule>Mostrar base inicial</rule>
      <declarations>$p=PersonajeMitologico{nombre=&apos;Ceto&apos;}</declarations>
      <factHandleIds>7</factHandleIds>
    </org.drools.core.audit.event.ActivationLogEvent>
    <org.drools.core.audit.event.ActivationLogEvent>
      <type>4</type>
      <activationId>Mostrar base inicial [8]</activationId>
      <rule>Mostrar base inicial</rule>
      <declarations>$p=PersonajeMitologico{nombre=&apos;Zeus&apos;}</declarations>
      <factHandleIds>8</factHandleIds>
    </org.drools.core.audit.event.ActivationLogEvent>
    <org.drools.core.audit.event.ActivationLogEvent>
      <type>4</type>
      <activationId>Mostrar base inicial [9]</activationId>
      <rule>Mostrar base inicial</rule>
      <declarations>$p=PersonajeMitologico{nombre=&apos;Doris&apos;}</declarations>
      <factHandleIds>9</factHandleIds>
    </org.drools.core.audit.event.ActivationLogEvent>
    <org.drools.core.audit.event.ActivationLogEvent>
      <type>4</type>
      <activationId>Mostrar base inicial [10]</activationId>
      <rule>Mostrar base inicial</rule>
      <declarations>$p=PersonajeMitologico{nombre=&apos;Poseidon&apos;}</declarations>
      <factHandleIds>10</factHandleIds>
    </org.drools.core.audit.event.ActivationLogEvent>
    <org.drools.core.audit.event.ActivationLogEvent>
      <type>4</type>
      <activationId>Mostrar base inicial [11]</activationId>
      <rule>Mostrar base inicial</rule>
      <declarations>$p=PersonajeMitologico{nombre=&apos;Atenea&apos;}</declarations>
      <factHandleIds>11</factHandleIds>
    </org.drools.core.audit.event.ActivationLogEvent>
    <org.drools.core.audit.event.ActivationLogEvent>
      <type>4</type>
      <activationId>Mostrar base inicial [12]</activationId>
      <rule>Mostrar base inicial</rule>
      <declarations>$p=PersonajeMitologico{nombre=&apos;Hermes&apos;}</declarations>
      <factHandleIds>12</factHandleIds>
    </org.drools.core.audit.event.ActivationLogEvent>
    <org.drools.core.audit.event.ActivationLogEvent>
      <type>4</type>
      <activationId>Mostrar base inicial [13]</activationId>
      <rule>Mostrar base inicial</rule>
      <declarations>$p=PersonajeMitologico{nombre=&apos;Perseo&apos;}</declarations>
      <factHandleIds>13</factHandleIds>
    </org.drools.core.audit.event.ActivationLogEvent>
    <org.drools.core.audit.event.ActivationLogEvent>
      <type>4</type>
      <activationId>Mostrar base inicial [14]</activationId>
      <rule>Mostrar base inicial</rule>
      <declarations>$p=PersonajeMitologico{nombre=&apos;Grayas&apos;}</declarations>
      <factHandleIds>14</factHandleIds>
    </org.drools.core.audit.event.ActivationLogEvent>
    <org.drools.core.audit.event.ActivationLogEvent>
      <type>4</type>
      <activationId>Mostrar base inicial [15]</activationId>
      <rule>Mostrar base inicial</rule>
      <declarations>$p=PersonajeMitologico{nombre=&apos;Nereidas&apos;}</declarations>
      <factHandleIds>15</factHandleIds>
    </org.drools.core.audit.event.ActivationLogEvent>
    <org.drools.core.audit.event.ActivationLogEvent>
      <type>4</type>
      <activationId>Mostrar base inicial [16]</activationId>
      <rule>Mostrar base inicial</rule>
      <declarations>$p=PersonajeMitologico{nombre=&apos;Medusa&apos;}</declarations>
      <factHandleIds>16</factHandleIds>
    </org.drools.core.audit.event.ActivationLogEvent>
    <org.drools.core.audit.event.ActivationLogEvent>
      <type>4</type>
      <activationId>Mostrar base inicial [17]</activationId>
      <rule>Mostrar base inicial</rule>
      <declarations>$p=PersonajeMitologico{nombre=&apos;Casiopea&apos;}</declarations>
      <factHandleIds>17</factHandleIds>
    </org.drools.core.audit.event.ActivationLogEvent>
    <org.drools.core.audit.event.ActivationLogEvent>
      <type>4</type>
      <activationId>Mostrar base inicial [18]</activationId>
      <rule>Mostrar base inicial</rule>
      <declarations>$p=PersonajeMitologico{nombre=&apos;Hefestos&apos;}</declarations>
      <factHandleIds>18</factHandleIds>
    </org.drools.core.audit.event.ActivationLogEvent>
    <org.drools.core.audit.event.ActivationLogEvent>
      <type>4</type>
      <activationId>Mostrar base inicial [19]</activationId>
      <rule>Mostrar base inicial</rule>
      <declarations>$p=PersonajeMitologico{nombre=&apos;Hades&apos;}</declarations>
      <factHandleIds>19</factHandleIds>
    </org.drools.core.audit.event.ActivationLogEvent>
    <org.drools.core.audit.event.ActivationLogEvent>
      <type>4</type>
      <activationId>Mostrar base inicial [20]</activationId>
      <rule>Mostrar base inicial</rule>
      <declarations>$p=PersonajeMitologico{nombre=&apos;Danae&apos;}</declarations>
      <factHandleIds>20</factHandleIds>
    </org.drools.core.audit.event.ActivationLogEvent>
    <org.drools.core.audit.event.ActivationLogEvent>
      <type>6</type>
      <activationId>Añadir Favor o Enojo [1]</activationId>
      <rule>Añadir Favor o Enojo</rule>
      <declarations>$o=preDrools.ObjetoParseado@38704ff0</declarations>
      <factHandleIds>1</factHandleIds>
    </org.drools.core.audit.event.ActivationLogEvent>
    <org.drools.core.audit.event.ActivationLogEvent>
      <type>7</type>
      <activationId>Añadir Favor o Enojo [1]</activationId>
      <rule>Añadir Favor o Enojo</rule>
      <declarations>$o=preDrools.ObjetoParseado@38704ff0</declarations>
      <factHandleIds>1</factHandleIds>
    </org.drools.core.audit.event.ActivationLogEvent>
    <org.drools.core.audit.event.ActivationLogEvent>
      <type>6</type>
      <activationId>Añadir Favor o Enojo [2]</activationId>
      <rule>Añadir Favor o Enojo</rule>
      <declarations>$o=preDrools.ObjetoParseado@1f387978</declarations>
      <factHandleIds>2</factHandleIds>
    </org.drools.core.audit.event.ActivationLogEvent>
    <org.drools.core.audit.event.ActivationLogEvent>
      <type>7</type>
      <activationId>Añadir Favor o Enojo [2]</activationId>
      <rule>Añadir Favor o Enojo</rule>
      <declarations>$o=preDrools.ObjetoParseado@1f387978</declarations>
      <factHandleIds>2</factHandleIds>
    </org.drools.core.audit.event.ActivationLogEvent>
    <org.drools.core.audit.event.ActivationLogEvent>
      <type>6</type>
      <activationId>Añadir Favor o Enojo [3]</activationId>
      <rule>Añadir Favor o Enojo</rule>
      <declarations>$o=preDrools.ObjetoParseado@7cb2651f</declarations>
      <factHandleIds>3</factHandleIds>
    </org.drools.core.audit.event.ActivationLogEvent>
    <org.drools.core.audit.event.ActivationLogEvent>
      <type>7</type>
      <activationId>Añadir Favor o Enojo [3]</activationId>
      <rule>Añadir Favor o Enojo</rule>
      <declarations>$o=preDrools.ObjetoParseado@7cb2651f</declarations>
      <factHandleIds>3</factHandleIds>
    </org.drools.core.audit.event.ActivationLogEvent>
    <org.drools.core.audit.event.ActivationLogEvent>
      <type>6</type>
      <activationId>Añadir Favor o Enojo [4]</activationId>
      <rule>Añadir Favor o Enojo</rule>
      <declarations>$o=preDrools.ObjetoParseado@4441d567</declarations>
      <factHandleIds>4</factHandleIds>
    </org.drools.core.audit.event.ActivationLogEvent>
    <org.drools.core.audit.event.ActivationLogEvent>
      <type>7</type>
      <activationId>Añadir Favor o Enojo [4]</activationId>
      <rule>Añadir Favor o Enojo</rule>
      <declarations>$o=preDrools.ObjetoParseado@4441d567</declarations>
      <factHandleIds>4</factHandleIds>
    </org.drools.core.audit.event.ActivationLogEvent>
    <org.drools.core.audit.event.ActivationLogEvent>
      <type>6</type>
      <activationId>Añadir apresa [5]</activationId>
      <rule>Añadir apresa</rule>
      <declarations>$o=preDrools.ObjetoParseado@3e1624c7</declarations>
      <factHandleIds>5</factHandleIds>
    </org.drools.core.audit.event.ActivationLogEvent>
    <org.drools.core.audit.event.ActivationLogEvent>
      <type>7</type>
      <activationId>Añadir apresa [5]</activationId>
      <rule>Añadir apresa</rule>
      <declarations>$o=preDrools.ObjetoParseado@3e1624c7</declarations>
      <factHandleIds>5</factHandleIds>
    </org.drools.core.audit.event.ActivationLogEvent>
    <org.drools.core.audit.event.ActivationLogEvent>
      <type>6</type>
      <activationId>Mostrar base inicial [6]</activationId>
      <rule>Mostrar base inicial</rule>
      <declarations>$p=PersonajeMitologico{nombre=&apos;Andromeda&apos;}</declarations>
      <factHandleIds>6</factHandleIds>
    </org.drools.core.audit.event.ActivationLogEvent>
    <org.drools.core.audit.event.ActivationLogEvent>
      <type>7</type>
      <activationId>Mostrar base inicial [6]</activationId>
      <rule>Mostrar base inicial</rule>
      <declarations>$p=PersonajeMitologico{nombre=&apos;Andromeda&apos;}</declarations>
      <factHandleIds>6</factHandleIds>
    </org.drools.core.audit.event.ActivationLogEvent>
    <org.drools.core.audit.event.ActivationLogEvent>
      <type>6</type>
      <activationId>Mostrar base inicial [7]</activationId>
      <rule>Mostrar base inicial</rule>
      <declarations>$p=PersonajeMitologico{nombre=&apos;Ceto&apos;}</declarations>
      <factHandleIds>7</factHandleIds>
    </org.drools.core.audit.event.ActivationLogEvent>
    <org.drools.core.audit.event.ActivationLogEvent>
      <type>7</type>
      <activationId>Mostrar base inicial [7]</activationId>
      <rule>Mostrar base inicial</rule>
      <declarations>$p=PersonajeMitologico{nombre=&apos;Ceto&apos;}</declarations>
      <factHandleIds>7</factHandleIds>
    </org.drools.core.audit.event.ActivationLogEvent>
    <org.drools.core.audit.event.ActivationLogEvent>
      <type>6</type>
      <activationId>Mostrar base inicial [8]</activationId>
      <rule>Mostrar base inicial</rule>
      <declarations>$p=PersonajeMitologico{nombre=&apos;Zeus&apos;}</declarations>
      <factHandleIds>8</factHandleIds>
    </org.drools.core.audit.event.ActivationLogEvent>
    <org.drools.core.audit.event.ActivationLogEvent>
      <type>7</type>
      <activationId>Mostrar base inicial [8]</activationId>
      <rule>Mostrar base inicial</rule>
      <declarations>$p=PersonajeMitologico{nombre=&apos;Zeus&apos;}</declarations>
      <factHandleIds>8</factHandleIds>
    </org.drools.core.audit.event.ActivationLogEvent>
    <org.drools.core.audit.event.ActivationLogEvent>
      <type>6</type>
      <activationId>Mostrar base inicial [9]</activationId>
      <rule>Mostrar base inicial</rule>
      <declarations>$p=PersonajeMitologico{nombre=&apos;Doris&apos;}</declarations>
      <factHandleIds>9</factHandleIds>
    </org.drools.core.audit.event.ActivationLogEvent>
    <org.drools.core.audit.event.ActivationLogEvent>
      <type>7</type>
      <activationId>Mostrar base inicial [9]</activationId>
      <rule>Mostrar base inicial</rule>
      <declarations>$p=PersonajeMitologico{nombre=&apos;Doris&apos;}</declarations>
      <factHandleIds>9</factHandleIds>
    </org.drools.core.audit.event.ActivationLogEvent>
    <org.drools.core.audit.event.ActivationLogEvent>
      <type>6</type>
      <activationId>Mostrar base inicial [10]</activationId>
      <rule>Mostrar base inicial</rule>
      <declarations>$p=PersonajeMitologico{nombre=&apos;Poseidon&apos;}</declarations>
      <factHandleIds>10</factHandleIds>
    </org.drools.core.audit.event.ActivationLogEvent>
    <org.drools.core.audit.event.ActivationLogEvent>
      <type>7</type>
      <activationId>Mostrar base inicial [10]</activationId>
      <rule>Mostrar base inicial</rule>
      <declarations>$p=PersonajeMitologico{nombre=&apos;Poseidon&apos;}</declarations>
      <factHandleIds>10</factHandleIds>
    </org.drools.core.audit.event.ActivationLogEvent>
    <org.drools.core.audit.event.ActivationLogEvent>
      <type>6</type>
      <activationId>Mostrar base inicial [11]</activationId>
      <rule>Mostrar base inicial</rule>
      <declarations>$p=PersonajeMitologico{nombre=&apos;Atenea&apos;}</declarations>
      <factHandleIds>11</factHandleIds>
    </org.drools.core.audit.event.ActivationLogEvent>
    <org.drools.core.audit.event.ActivationLogEvent>
      <type>7</type>
      <activationId>Mostrar base inicial [11]</activationId>
      <rule>Mostrar base inicial</rule>
      <declarations>$p=PersonajeMitologico{nombre=&apos;Atenea&apos;}</declarations>
      <factHandleIds>11</factHandleIds>
    </org.drools.core.audit.event.ActivationLogEvent>
    <org.drools.core.audit.event.ActivationLogEvent>
      <type>6</type>
      <activationId>Mostrar base inicial [12]</activationId>
      <rule>Mostrar base inicial</rule>
      <declarations>$p=PersonajeMitologico{nombre=&apos;Hermes&apos;}</declarations>
      <factHandleIds>12</factHandleIds>
    </org.drools.core.audit.event.ActivationLogEvent>
    <org.drools.core.audit.event.ActivationLogEvent>
      <type>7</type>
      <activationId>Mostrar base inicial [12]</activationId>
      <rule>Mostrar base inicial</rule>
      <declarations>$p=PersonajeMitologico{nombre=&apos;Hermes&apos;}</declarations>
      <factHandleIds>12</factHandleIds>
    </org.drools.core.audit.event.ActivationLogEvent>
    <org.drools.core.audit.event.ActivationLogEvent>
      <type>6</type>
      <activationId>Mostrar base inicial [13]</activationId>
      <rule>Mostrar base inicial</rule>
      <declarations>$p=PersonajeMitologico{nombre=&apos;Perseo&apos;}</declarations>
      <factHandleIds>13</factHandleIds>
    </org.drools.core.audit.event.ActivationLogEvent>
    <org.drools.core.audit.event.ActivationLogEvent>
      <type>7</type>
      <activationId>Mostrar base inicial [13]</activationId>
      <rule>Mostrar base inicial</rule>
      <declarations>$p=PersonajeMitologico{nombre=&apos;Perseo&apos;}</declarations>
      <factHandleIds>13</factHandleIds>
    </org.drools.core.audit.event.ActivationLogEvent>
    <org.drools.core.audit.event.ActivationLogEvent>
      <type>6</type>
      <activationId>Mostrar base inicial [14]</activationId>
      <rule>Mostrar base inicial</rule>
      <declarations>$p=PersonajeMitologico{nombre=&apos;Grayas&apos;}</declarations>
      <factHandleIds>14</factHandleIds>
    </org.drools.core.audit.event.ActivationLogEvent>
    <org.drools.core.audit.event.ActivationLogEvent>
      <type>7</type>
      <activationId>Mostrar base inicial [14]</activationId>
      <rule>Mostrar base inicial</rule>
      <declarations>$p=PersonajeMitologico{nombre=&apos;Grayas&apos;}</declarations>
      <factHandleIds>14</factHandleIds>
    </org.drools.core.audit.event.ActivationLogEvent>
    <org.drools.core.audit.event.ActivationLogEvent>
      <type>6</type>
      <activationId>Mostrar base inicial [15]</activationId>
      <rule>Mostrar base inicial</rule>
      <declarations>$p=PersonajeMitologico{nombre=&apos;Nereidas&apos;}</declarations>
      <factHandleIds>15</factHandleIds>
    </org.drools.core.audit.event.ActivationLogEvent>
    <org.drools.core.audit.event.ActivationLogEvent>
      <type>7</type>
      <activationId>Mostrar base inicial [15]</activationId>
      <rule>Mostrar base inicial</rule>
      <declarations>$p=PersonajeMitologico{nombre=&apos;Nereidas&apos;}</declarations>
      <factHandleIds>15</factHandleIds>
    </org.drools.core.audit.event.ActivationLogEvent>
    <org.drools.core.audit.event.ActivationLogEvent>
      <type>6</type>
      <activationId>Mostrar base inicial [16]</activationId>
      <rule>Mostrar base inicial</rule>
      <declarations>$p=PersonajeMitologico{nombre=&apos;Medusa&apos;}</declarations>
      <factHandleIds>16</factHandleIds>
    </org.drools.core.audit.event.ActivationLogEvent>
    <org.drools.core.audit.event.ActivationLogEvent>
      <type>7</type>
      <activationId>Mostrar base inicial [16]</activationId>
      <rule>Mostrar base inicial</rule>
      <declarations>$p=PersonajeMitologico{nombre=&apos;Medusa&apos;}</declarations>
      <factHandleIds>16</factHandleIds>
    </org.drools.core.audit.event.ActivationLogEvent>
    <org.drools.core.audit.event.ActivationLogEvent>
      <type>6</type>
      <activationId>Mostrar base inicial [17]</activationId>
      <rule>Mostrar base inicial</rule>
      <declarations>$p=PersonajeMitologico{nombre=&apos;Casiopea&apos;}</declarations>
      <factHandleIds>17</factHandleIds>
    </org.drools.core.audit.event.ActivationLogEvent>
    <org.drools.core.audit.event.ActivationLogEvent>
      <type>7</type>
      <activationId>Mostrar base inicial [17]</activationId>
      <rule>Mostrar base inicial</rule>
      <declarations>$p=PersonajeMitologico{nombre=&apos;Casiopea&apos;}</declarations>
      <factHandleIds>17</factHandleIds>
    </org.drools.core.audit.event.ActivationLogEvent>
    <org.drools.core.audit.event.ActivationLogEvent>
      <type>6</type>
      <activationId>Mostrar base inicial [18]</activationId>
      <rule>Mostrar base inicial</rule>
      <declarations>$p=PersonajeMitologico{nombre=&apos;Hefestos&apos;}</declarations>
      <factHandleIds>18</factHandleIds>
    </org.drools.core.audit.event.ActivationLogEvent>
    <org.drools.core.audit.event.ActivationLogEvent>
      <type>7</type>
      <activationId>Mostrar base inicial [18]</activationId>
      <rule>Mostrar base inicial</rule>
      <declarations>$p=PersonajeMitologico{nombre=&apos;Hefestos&apos;}</declarations>
      <factHandleIds>18</factHandleIds>
    </org.drools.core.audit.event.ActivationLogEvent>
    <org.drools.core.audit.event.ActivationLogEvent>
      <type>6</type>
      <activationId>Mostrar base inicial [19]</activationId>
      <rule>Mostrar base inicial</rule>
      <declarations>$p=PersonajeMitologico{nombre=&apos;Hades&apos;}</declarations>
      <factHandleIds>19</factHandleIds>
    </org.drools.core.audit.event.ActivationLogEvent>
    <org.drools.core.audit.event.ActivationLogEvent>
      <type>7</type>
      <activationId>Mostrar base inicial [19]</activationId>
      <rule>Mostrar base inicial</rule>
      <declarations>$p=PersonajeMitologico{nombre=&apos;Hades&apos;}</declarations>
      <factHandleIds>19</factHandleIds>
    </org.drools.core.audit.event.ActivationLogEvent>
    <org.drools.core.audit.event.ActivationLogEvent>
      <type>6</type>
      <activationId>Mostrar base inicial [20]</activationId>
      <rule>Mostrar base inicial</rule>
      <declarations>$p=PersonajeMitologico{nombre=&apos;Danae&apos;}</declarations>
      <factHandleIds>20</factHandleIds>
    </org.drools.core.audit.event.ActivationLogEvent>
    <org.drools.core.audit.event.ActivationLogEvent>
      <type>7</type>
      <activationId>Mostrar base inicial [20]</activationId>
      <rule>Mostrar base inicial</rule>
      <declarations>$p=PersonajeMitologico{nombre=&apos;Danae&apos;}</declarations>
      <factHandleIds>20</factHandleIds>
    </org.drools.core.audit.event.ActivationLogEvent>
  </events>
</org.drools.core.audit.WorkingMemoryLog>
<org.drools.core.audit.WorkingMemoryLog>
  <version>6.1</version>
  <events/>
</org.drools.core.audit.WorkingMemoryLog>
<org.drools.core.audit.WorkingMemoryLog>
  <version>6.1</version>
  <events/>
</org.drools.core.audit.WorkingMemoryLog>
<org.drools.core.audit.WorkingMemoryLog>
  <version>6.1</version>
  <events/>
</org.drools.core.audit.WorkingMemoryLog>
<org.drools.core.audit.WorkingMemoryLog>
  <version>6.1</version>
  <events/>
</org.drools.core.audit.WorkingMemoryLog>
<org.drools.core.audit.WorkingMemoryLog>
  <version>6.1</version>
  <events/>
</org.drools.core.audit.WorkingMemoryLog>
